[35m[Appium][39m Welcome to Appium v2.5.1
[35m[Appium][39m Non-default server args:
[35m[Appium][39m { basePath: [32m'/wd/hub'[39m, loglevel: [32m'info'[39m, port: [33m62340[39m }
[35m[Appium][39m Appium REST http interface listener started on http://0.0.0.0:62340/wd/hub
[35m[Appium][39m You can provide the following URLs in your client code to connect to this server:
[35m[Appium][39m 	http://192.168.159.247:62340/wd/hub
[35m[Appium][39m 	http://127.0.0.1:62340/wd/hub (only accessible from the same host)
[35m[Appium][39m 	http://172.19.245.1:62340/wd/hub
[35m[Appium][39m No drivers have been installed in C:\Users\lenovo\.appium. Use the "appium driver" command to install the one(s) you want to use.
[35m[Appium][39m No plugins have been installed. Use the "appium plugin" command to install the one(s) you want to use.
[38;5;0m[HTTP][0m [37m-->[39m [37mGET[39m [37m/wd/hub/status[39m
[38;5;0m[HTTP][0m [90m{}[39m
[38;5;0m[HTTP][0m [37m<-- GET /wd/hub/status [39m[32m200[39m [90m64 ms - 110[39m
[38;5;0m[HTTP][0m [90m[39m
[38;5;0m[HTTP][0m [37m-->[39m [37mGET[39m [37m/wd/hub/status[39m
[38;5;0m[HTTP][0m [90m{}[39m
[38;5;0m[HTTP][0m [37m<-- GET /wd/hub/status [39m[32m200[39m [90m2 ms - 110[39m
[38;5;0m[HTTP][0m [90m[39m
[38;5;0m[HTTP][0m [37m-->[39m [37mPOST[39m [37m/wd/hub/session[39m
[38;5;0m[HTTP][0m [90m{"desiredCapabilities":{"appium:systemPort":62631,"appium:newCommandTimeout":1800,"appium:automationName":"uiautomator2","appium:fullReset":false,"appium:platformVersion":"9","appium:noReset":true,"appium:udid":"0274f2ea","appium:autoGrantPermissions":true,"appium:platformName":"ANDROID","appium:deviceName":"samsung SM-J415F (Android 9)","platformName":"Android","appium:app":"F:\\D\\katalon\\APIDemos.apk"},"capabilities":{"firstMatch":[{"appium:app":"F:\\D\\katalon\\APIDemos.apk","appium:autoGrantPermissions":true,"appium:automationName":"uiautomator2","appium:deviceName":"samsung SM-J415F (Android 9)","appium:fullReset":false,"appium:newCommandTimeout":1800,"appium:noReset":true,"appium:platformName":"ANDROID","appium:platformVersion":"9","appium:systemPort":62631,"appium:udid":"0274f2ea","platformName":"android"}]}}[39m
[38;5;32m[BaseDriver][0m Ignoring capability 'appium:platformName=ANDROID' and using capability 'platformName=android'
[38;5;32m[BaseDriver][0m The capabilities ["platformName"] are standard capabilities and do not require "appium:" prefix
[35m[Appium][39m Attempting to find matching driver for automationName 'uiautomator2' and platformName 'android'
[38;5;0m[HTTP][0m [37m<-- POST /wd/hub/session [39m[31m500[39m [90m549 ms - 1102[39m
[38;5;0m[HTTP][0m [90m[39m
